<?xml version="1.0" encoding="UTF-8"?>
<coverage generated="1658324930745" clover="3.2.0">
  <project timestamp="1658324930745" name="All files">
    <metrics statements="73" coveredstatements="33" conditionals="60" coveredconditionals="13" methods="25" coveredmethods="7" elements="158" coveredelements="53" complexity="0" loc="73" ncloc="73" packages="6" files="16" classes="16"/>
    <package name="MovieApp">
      <metrics statements="8" coveredstatements="8" conditionals="10" coveredconditionals="5" methods="2" coveredmethods="2"/>
      <file name="App.js" path="/Users/ileafmacmini1/Desktop/PROJECTS/MovieApp/App.js">
        <metrics statements="8" coveredstatements="8" conditionals="10" coveredconditionals="5" methods="2" coveredmethods="2"/>
        <line num="29" count="1" type="stmt"/>
        <line num="30" count="4" type="stmt"/>
        <line num="31" count="4" type="stmt"/>
        <line num="55" count="1" type="stmt"/>
        <line num="56" count="1" type="stmt"/>
        <line num="58" count="1" type="stmt"/>
        <line num="62" count="1" type="stmt"/>
        <line num="93" count="1" type="stmt"/>
      </file>
    </package>
    <package name="MovieApp.app.assets.images">
      <metrics statements="7" coveredstatements="7" conditionals="0" coveredconditionals="0" methods="0" coveredmethods="0"/>
      <file name="back.png" path="/Users/ileafmacmini1/Desktop/PROJECTS/MovieApp/app/assets/images/back.png">
        <metrics statements="1" coveredstatements="1" conditionals="0" coveredconditionals="0" methods="0" coveredmethods="0"/>
        <line num="1" count="2" type="stmt"/>
      </file>
      <file name="star_green.png" path="/Users/ileafmacmini1/Desktop/PROJECTS/MovieApp/app/assets/images/star_green.png">
        <metrics statements="1" coveredstatements="1" conditionals="0" coveredconditionals="0" methods="0" coveredmethods="0"/>
        <line num="1" count="2" type="stmt"/>
      </file>
      <file name="star_white.png" path="/Users/ileafmacmini1/Desktop/PROJECTS/MovieApp/app/assets/images/star_white.png">
        <metrics statements="1" coveredstatements="1" conditionals="0" coveredconditionals="0" methods="0" coveredmethods="0"/>
        <line num="1" count="2" type="stmt"/>
      </file>
      <file name="watchlist_dark.png" path="/Users/ileafmacmini1/Desktop/PROJECTS/MovieApp/app/assets/images/watchlist_dark.png">
        <metrics statements="1" coveredstatements="1" conditionals="0" coveredconditionals="0" methods="0" coveredmethods="0"/>
        <line num="1" count="2" type="stmt"/>
      </file>
      <file name="watchlist_dark_tick.png" path="/Users/ileafmacmini1/Desktop/PROJECTS/MovieApp/app/assets/images/watchlist_dark_tick.png">
        <metrics statements="1" coveredstatements="1" conditionals="0" coveredconditionals="0" methods="0" coveredmethods="0"/>
        <line num="1" count="2" type="stmt"/>
      </file>
      <file name="watchlist_green.png" path="/Users/ileafmacmini1/Desktop/PROJECTS/MovieApp/app/assets/images/watchlist_green.png">
        <metrics statements="1" coveredstatements="1" conditionals="0" coveredconditionals="0" methods="0" coveredmethods="0"/>
        <line num="1" count="2" type="stmt"/>
      </file>
      <file name="watchlist_white.png" path="/Users/ileafmacmini1/Desktop/PROJECTS/MovieApp/app/assets/images/watchlist_white.png">
        <metrics statements="1" coveredstatements="1" conditionals="0" coveredconditionals="0" methods="0" coveredmethods="0"/>
        <line num="1" count="2" type="stmt"/>
      </file>
    </package>
    <package name="MovieApp.app.components">
      <metrics statements="6" coveredstatements="2" conditionals="16" coveredconditionals="0" methods="3" coveredmethods="0"/>
      <file name="MovieRow.js" path="/Users/ileafmacmini1/Desktop/PROJECTS/MovieApp/app/components/MovieRow.js">
        <metrics statements="3" coveredstatements="2" conditionals="12" coveredconditionals="0" methods="1" coveredmethods="0"/>
        <line num="11" count="1" type="stmt"/>
        <line num="14" count="0" type="stmt"/>
        <line num="68" count="1" type="stmt"/>
      </file>
      <file name="hudView.js" path="/Users/ileafmacmini1/Desktop/PROJECTS/MovieApp/app/components/hudView.js">
        <metrics statements="3" coveredstatements="0" conditionals="4" coveredconditionals="0" methods="2" coveredmethods="0"/>
        <line num="12" count="0" type="stmt"/>
        <line num="16" count="0" type="stmt"/>
        <line num="17" count="0" type="stmt"/>
      </file>
    </package>
    <package name="MovieApp.app.config">
      <metrics statements="2" coveredstatements="2" conditionals="8" coveredconditionals="4" methods="0" coveredmethods="0"/>
      <file name="constants.js" path="/Users/ileafmacmini1/Desktop/PROJECTS/MovieApp/app/config/constants.js">
        <metrics statements="1" coveredstatements="1" conditionals="8" coveredconditionals="4" methods="0" coveredmethods="0"/>
        <line num="7" count="2" type="stmt"/>
      </file>
      <file name="images.js" path="/Users/ileafmacmini1/Desktop/PROJECTS/MovieApp/app/config/images.js">
        <metrics statements="1" coveredstatements="1" conditionals="0" coveredconditionals="0" methods="0" coveredmethods="0"/>
        <line num="6" count="2" type="stmt"/>
      </file>
    </package>
    <package name="MovieApp.app.screens.MovieDetails">
      <metrics statements="40" coveredstatements="9" conditionals="22" coveredconditionals="2" methods="13" coveredmethods="3"/>
      <file name="MovieDetails.js" path="/Users/ileafmacmini1/Desktop/PROJECTS/MovieApp/app/screens/MovieDetails/MovieDetails.js">
        <metrics statements="39" coveredstatements="8" conditionals="22" coveredconditionals="2" methods="13" coveredmethods="3"/>
        <line num="25" count="1" type="stmt"/>
        <line num="27" count="1" type="stmt"/>
        <line num="38" count="1" type="stmt"/>
        <line num="39" count="0" type="stmt"/>
        <line num="40" count="0" type="stmt"/>
        <line num="42" count="0" type="stmt"/>
        <line num="43" count="0" type="stmt"/>
        <line num="44" count="0" type="cond" truecount="0" falsecount="2"/>
        <line num="45" count="0" type="stmt"/>
        <line num="46" count="0" type="stmt"/>
        <line num="57" count="0" type="cond" truecount="0" falsecount="2"/>
        <line num="58" count="0" type="stmt"/>
        <line num="60" count="0" type="stmt"/>
        <line num="67" count="1" type="stmt"/>
        <line num="68" count="0" type="stmt"/>
        <line num="75" count="1" type="stmt"/>
        <line num="76" count="0" type="stmt"/>
        <line num="77" count="0" type="stmt"/>
        <line num="79" count="0" type="stmt"/>
        <line num="80" count="0" type="stmt"/>
        <line num="82" count="0" type="cond" truecount="0" falsecount="2"/>
        <line num="83" count="0" type="stmt"/>
        <line num="84" count="0" type="stmt"/>
        <line num="85" count="0" type="stmt"/>
        <line num="86" count="0" type="cond" truecount="0" falsecount="2"/>
        <line num="87" count="0" type="stmt"/>
        <line num="90" count="0" type="cond" truecount="0" falsecount="2"/>
        <line num="92" count="0" type="stmt"/>
        <line num="94" count="0" type="stmt"/>
        <line num="97" count="0" type="stmt"/>
        <line num="98" count="0" type="stmt"/>
        <line num="99" count="0" type="stmt"/>
        <line num="104" count="1" type="stmt"/>
        <line num="105" count="1" type="stmt"/>
        <line num="107" count="1" type="stmt"/>
        <line num="133" count="0" type="stmt"/>
        <line num="135" count="0" type="stmt"/>
        <line num="225" count="0" type="stmt"/>
        <line num="241" count="0" type="stmt"/>
      </file>
      <file name="styles.js" path="/Users/ileafmacmini1/Desktop/PROJECTS/MovieApp/app/screens/MovieDetails/styles.js">
        <metrics statements="1" coveredstatements="1" conditionals="0" coveredconditionals="0" methods="0" coveredmethods="0"/>
        <line num="9" count="1" type="stmt"/>
      </file>
    </package>
    <package name="MovieApp.app.screens.WatchLists">
      <metrics statements="10" coveredstatements="5" conditionals="4" coveredconditionals="2" methods="7" coveredmethods="2"/>
      <file name="WatchLists.js" path="/Users/ileafmacmini1/Desktop/PROJECTS/MovieApp/app/screens/WatchLists/WatchLists.js">
        <metrics statements="9" coveredstatements="4" conditionals="4" coveredconditionals="2" methods="7" coveredmethods="2"/>
        <line num="24" count="1" type="stmt"/>
        <line num="30" count="1" type="stmt"/>
        <line num="31" count="0" type="stmt"/>
        <line num="37" count="1" type="stmt"/>
        <line num="38" count="0" type="stmt"/>
        <line num="42" count="1" type="stmt"/>
        <line num="54" count="0" type="stmt"/>
        <line num="58" count="0" type="stmt"/>
        <line num="80" count="0" type="stmt"/>
      </file>
      <file name="styles.js" path="/Users/ileafmacmini1/Desktop/PROJECTS/MovieApp/app/screens/WatchLists/styles.js">
        <metrics statements="1" coveredstatements="1" conditionals="0" coveredconditionals="0" methods="0" coveredmethods="0"/>
        <line num="9" count="1" type="stmt"/>
      </file>
    </package>
  </project>
</coverage>
