{"/Users/ileafmacmini1/Desktop/PROJECTS/MovieApp/App.js": {"path":"/Users/ileafmacmini1/Desktop/PROJECTS/MovieApp/App.js","statementMap":{"0":{"start":{"line":29,"column":16},"end":{"line":53,"column":1}},"1":{"start":{"line":30,"column":21},"end":{"line":30,"column":48}},"2":{"start":{"line":31,"column":2},"end":{"line":52,"column":4}},"3":{"start":{"line":55,"column":24},"end":{"line":91,"column":1}},"4":{"start":{"line":56,"column":21},"end":{"line":56,"column":48}},"5":{"start":{"line":58,"column":26},"end":{"line":60,"column":3}},"6":{"start":{"line":62,"column":2},"end":{"line":90,"column":4}},"7":{"start":{"line":93,"column":15},"end":{"line":110,"column":2}}},"fnMap":{"0":{"name":"(anonymous_0)","decl":{"start":{"line":29,"column":16},"end":{"line":29,"column":17}},"loc":{"start":{"line":29,"column":45},"end":{"line":53,"column":1}},"line":29},"1":{"name":"(anonymous_1)","decl":{"start":{"line":55,"column":24},"end":{"line":55,"column":25}},"loc":{"start":{"line":55,"column":30},"end":{"line":91,"column":1}},"line":55}},"branchMap":{"0":{"loc":{"start":{"line":37,"column":19},"end":{"line":37,"column":59}},"type":"cond-expr","locations":[{"start":{"line":37,"column":32},"end":{"line":37,"column":44}},{"start":{"line":37,"column":47},"end":{"line":37,"column":59}}],"line":37},"1":{"loc":{"start":{"line":46,"column":19},"end":{"line":46,"column":58}},"type":"cond-expr","locations":[{"start":{"line":46,"column":32},"end":{"line":46,"column":44}},{"start":{"line":46,"column":47},"end":{"line":46,"column":58}}],"line":46},"2":{"loc":{"start":{"line":59,"column":21},"end":{"line":59,"column":64}},"type":"cond-expr","locations":[{"start":{"line":59,"column":34},"end":{"line":59,"column":47}},{"start":{"line":59,"column":50},"end":{"line":59,"column":64}}],"line":59},"3":{"loc":{"start":{"line":64,"column":27},"end":{"line":64,"column":72}},"type":"cond-expr","locations":[{"start":{"line":64,"column":40},"end":{"line":64,"column":55}},{"start":{"line":64,"column":58},"end":{"line":64,"column":72}}],"line":64},"4":{"loc":{"start":{"line":71,"column":29},"end":{"line":71,"column":69}},"type":"cond-expr","locations":[{"start":{"line":71,"column":42},"end":{"line":71,"column":54}},{"start":{"line":71,"column":57},"end":{"line":71,"column":69}}],"line":71}},"s":{"0":1,"1":4,"2":4,"3":1,"4":1,"5":1,"6":1,"7":1},"f":{"0":4,"1":1},"b":{"0":[0,4],"1":[0,4],"2":[0,1],"3":[0,1],"4":[0,1]},"_coverageSchema":"1a1c01bbd47fc00a2c39e90264f33305004495a9","hash":"cbadaa84f593389085300327fa4a919bf1be3e72"}
,"/Users/ileafmacmini1/Desktop/PROJECTS/MovieApp/app/assets/images/back.png": {"path":"/Users/ileafmacmini1/Desktop/PROJECTS/MovieApp/app/assets/images/back.png","statementMap":{"0":{"start":{"line":1,"column":0},"end":{"line":4,"column":6}}},"fnMap":{},"branchMap":{},"s":{"0":2},"f":{},"b":{},"inputSourceMap":null,"_coverageSchema":"1a1c01bbd47fc00a2c39e90264f33305004495a9","hash":"278fe3dd9d0d35e2798b1f66e8fee37193d59c7f"}
,"/Users/ileafmacmini1/Desktop/PROJECTS/MovieApp/app/assets/images/star_green.png": {"path":"/Users/ileafmacmini1/Desktop/PROJECTS/MovieApp/app/assets/images/star_green.png","statementMap":{"0":{"start":{"line":1,"column":0},"end":{"line":4,"column":6}}},"fnMap":{},"branchMap":{},"s":{"0":2},"f":{},"b":{},"inputSourceMap":null,"_coverageSchema":"1a1c01bbd47fc00a2c39e90264f33305004495a9","hash":"22cb807e7e036fcebc24a5dab3f4da32ebe9c75c"}
,"/Users/ileafmacmini1/Desktop/PROJECTS/MovieApp/app/assets/images/star_white.png": {"path":"/Users/ileafmacmini1/Desktop/PROJECTS/MovieApp/app/assets/images/star_white.png","statementMap":{"0":{"start":{"line":1,"column":0},"end":{"line":4,"column":6}}},"fnMap":{},"branchMap":{},"s":{"0":2},"f":{},"b":{},"inputSourceMap":null,"_coverageSchema":"1a1c01bbd47fc00a2c39e90264f33305004495a9","hash":"4c7e13be9bc639efb90014c627b30266366836d0"}
,"/Users/ileafmacmini1/Desktop/PROJECTS/MovieApp/app/assets/images/watchlist_dark.png": {"path":"/Users/ileafmacmini1/Desktop/PROJECTS/MovieApp/app/assets/images/watchlist_dark.png","statementMap":{"0":{"start":{"line":1,"column":0},"end":{"line":4,"column":6}}},"fnMap":{},"branchMap":{},"s":{"0":2},"f":{},"b":{},"inputSourceMap":null,"_coverageSchema":"1a1c01bbd47fc00a2c39e90264f33305004495a9","hash":"e3bd68197256f8177c3ae8ad1f326bb9d3d17ddb"}
,"/Users/ileafmacmini1/Desktop/PROJECTS/MovieApp/app/assets/images/watchlist_dark_tick.png": {"path":"/Users/ileafmacmini1/Desktop/PROJECTS/MovieApp/app/assets/images/watchlist_dark_tick.png","statementMap":{"0":{"start":{"line":1,"column":0},"end":{"line":4,"column":6}}},"fnMap":{},"branchMap":{},"s":{"0":2},"f":{},"b":{},"inputSourceMap":null,"_coverageSchema":"1a1c01bbd47fc00a2c39e90264f33305004495a9","hash":"9b028bb753ead91745856401827b2dd748871817"}
,"/Users/ileafmacmini1/Desktop/PROJECTS/MovieApp/app/assets/images/watchlist_green.png": {"path":"/Users/ileafmacmini1/Desktop/PROJECTS/MovieApp/app/assets/images/watchlist_green.png","statementMap":{"0":{"start":{"line":1,"column":0},"end":{"line":4,"column":6}}},"fnMap":{},"branchMap":{},"s":{"0":2},"f":{},"b":{},"inputSourceMap":null,"_coverageSchema":"1a1c01bbd47fc00a2c39e90264f33305004495a9","hash":"9af81aaf4bade1e5c76e404c28dd1d103f1da73f"}
,"/Users/ileafmacmini1/Desktop/PROJECTS/MovieApp/app/assets/images/watchlist_white.png": {"path":"/Users/ileafmacmini1/Desktop/PROJECTS/MovieApp/app/assets/images/watchlist_white.png","statementMap":{"0":{"start":{"line":1,"column":0},"end":{"line":4,"column":6}}},"fnMap":{},"branchMap":{},"s":{"0":2},"f":{},"b":{},"inputSourceMap":null,"_coverageSchema":"1a1c01bbd47fc00a2c39e90264f33305004495a9","hash":"d94f693a53cf4eea9a4e81d1ca8a5f98d829be90"}
,"/Users/ileafmacmini1/Desktop/PROJECTS/MovieApp/app/components/MovieRow.js": {"path":"/Users/ileafmacmini1/Desktop/PROJECTS/MovieApp/app/components/MovieRow.js","statementMap":{"0":{"start":{"line":11,"column":17},"end":{"line":66,"column":1}},"1":{"start":{"line":14,"column":2},"end":{"line":65,"column":10}},"2":{"start":{"line":68,"column":15},"end":{"line":106,"column":2}}},"fnMap":{"0":{"name":"(anonymous_0)","decl":{"start":{"line":11,"column":17},"end":{"line":11,"column":18}},"loc":{"start":{"line":14,"column":2},"end":{"line":65,"column":10}},"line":14}},"branchMap":{"0":{"loc":{"start":{"line":42,"column":16},"end":{"line":42,"column":145}},"type":"cond-expr","locations":[{"start":{"line":42,"column":54},"end":{"line":42,"column":76}},{"start":{"line":42,"column":79},"end":{"line":42,"column":145}}],"line":42},"1":{"loc":{"start":{"line":42,"column":16},"end":{"line":42,"column":51}},"type":"binary-expr","locations":[{"start":{"line":42,"column":16},"end":{"line":42,"column":31}},{"start":{"line":42,"column":35},"end":{"line":42,"column":51}}],"line":42},"2":{"loc":{"start":{"line":42,"column":79},"end":{"line":42,"column":145}},"type":"cond-expr","locations":[{"start":{"line":42,"column":98},"end":{"line":42,"column":120}},{"start":{"line":42,"column":123},"end":{"line":42,"column":145}}],"line":42},"3":{"loc":{"start":{"line":44,"column":7},"end":{"line":63,"column":7}},"type":"cond-expr","locations":[{"start":{"line":45,"column":8},"end":{"line":55,"column":15}},{"start":{"line":58,"column":8},"end":{"line":62,"column":15}}],"line":44},"4":{"loc":{"start":{"line":47,"column":20},"end":{"line":47,"column":76}},"type":"cond-expr","locations":[{"start":{"line":47,"column":39},"end":{"line":47,"column":56}},{"start":{"line":47,"column":59},"end":{"line":47,"column":76}}],"line":47},"5":{"loc":{"start":{"line":49,"column":23},"end":{"line":51,"column":129}},"type":"cond-expr","locations":[{"start":{"line":50,"column":12},"end":{"line":50,"column":129}},{"start":{"line":51,"column":12},"end":{"line":51,"column":129}}],"line":49}},"s":{"0":1,"1":0,"2":1},"f":{"0":0},"b":{"0":[0,0],"1":[0,0],"2":[0,0],"3":[0,0],"4":[0,0],"5":[0,0]},"_coverageSchema":"1a1c01bbd47fc00a2c39e90264f33305004495a9","hash":"1d21cf509b0b7007604b634f9bad0b689ac4b9fe"}
,"/Users/ileafmacmini1/Desktop/PROJECTS/MovieApp/app/components/hudView.js": {"path":"/Users/ileafmacmini1/Desktop/PROJECTS/MovieApp/app/components/hudView.js","statementMap":{"0":{"start":{"line":12,"column":4},"end":{"line":12,"column":17}},"1":{"start":{"line":16,"column":36},"end":{"line":16,"column":46}},"2":{"start":{"line":17,"column":4},"end":{"line":50,"column":6}}},"fnMap":{"0":{"name":"(anonymous_0)","decl":{"start":{"line":11,"column":2},"end":{"line":11,"column":3}},"loc":{"start":{"line":11,"column":21},"end":{"line":13,"column":3}},"line":11},"1":{"name":"(anonymous_1)","decl":{"start":{"line":15,"column":2},"end":{"line":15,"column":3}},"loc":{"start":{"line":15,"column":11},"end":{"line":51,"column":3}},"line":15}},"branchMap":{"0":{"loc":{"start":{"line":30,"column":10},"end":{"line":30,"column":42}},"type":"cond-expr","locations":[{"start":{"line":30,"column":24},"end":{"line":30,"column":35}},{"start":{"line":30,"column":38},"end":{"line":30,"column":42}}],"line":30},"1":{"loc":{"start":{"line":44,"column":12},"end":{"line":44,"column":34}},"type":"cond-expr","locations":[{"start":{"line":44,"column":21},"end":{"line":44,"column":27}},{"start":{"line":44,"column":30},"end":{"line":44,"column":34}}],"line":44}},"s":{"0":0,"1":0,"2":0},"f":{"0":0,"1":0},"b":{"0":[0,0],"1":[0,0]},"_coverageSchema":"1a1c01bbd47fc00a2c39e90264f33305004495a9","hash":"ec0389eddf640c6785851f4198708640c819e9af"}
,"/Users/ileafmacmini1/Desktop/PROJECTS/MovieApp/app/config/constants.js": {"path":"/Users/ileafmacmini1/Desktop/PROJECTS/MovieApp/app/config/constants.js","statementMap":{"0":{"start":{"line":7,"column":26},"end":{"line":7,"column":50}}},"fnMap":{},"branchMap":{"0":{"loc":{"start":{"line":21,"column":6},"end":{"line":21,"column":67}},"type":"cond-expr","locations":[{"start":{"line":21,"column":30},"end":{"line":21,"column":47}},{"start":{"line":21,"column":50},"end":{"line":21,"column":67}}],"line":21},"1":{"loc":{"start":{"line":24,"column":6},"end":{"line":24,"column":64}},"type":"cond-expr","locations":[{"start":{"line":24,"column":30},"end":{"line":24,"column":47}},{"start":{"line":24,"column":50},"end":{"line":24,"column":64}}],"line":24},"2":{"loc":{"start":{"line":27,"column":6},"end":{"line":27,"column":66}},"type":"cond-expr","locations":[{"start":{"line":27,"column":30},"end":{"line":27,"column":47}},{"start":{"line":27,"column":50},"end":{"line":27,"column":66}}],"line":27},"3":{"loc":{"start":{"line":46,"column":14},"end":{"line":46,"column":50}},"type":"cond-expr","locations":[{"start":{"line":46,"column":38},"end":{"line":46,"column":43}},{"start":{"line":46,"column":46},"end":{"line":46,"column":50}}],"line":46}},"s":{"0":2},"f":{},"b":{"0":[2,0],"1":[2,0],"2":[2,0],"3":[2,0]},"_coverageSchema":"1a1c01bbd47fc00a2c39e90264f33305004495a9","hash":"8f4e8ae9b1882b0a83a79706c2ccc137f5676f29"}
,"/Users/ileafmacmini1/Desktop/PROJECTS/MovieApp/app/config/images.js": {"path":"/Users/ileafmacmini1/Desktop/PROJECTS/MovieApp/app/config/images.js","statementMap":{"0":{"start":{"line":6,"column":15},"end":{"line":14,"column":1}}},"fnMap":{},"branchMap":{},"s":{"0":2},"f":{},"b":{},"_coverageSchema":"1a1c01bbd47fc00a2c39e90264f33305004495a9","hash":"131256af8fb9ec93a61a7803c2b270cdc9530999"}
,"/Users/ileafmacmini1/Desktop/PROJECTS/MovieApp/app/screens/MovieDetails/MovieDetails.js": {"path":"/Users/ileafmacmini1/Desktop/PROJECTS/MovieApp/app/screens/MovieDetails/MovieDetails.js","statementMap":{"0":{"start":{"line":25,"column":4},"end":{"line":25,"column":17}},"1":{"start":{"line":27,"column":4},"end":{"line":30,"column":6}},"2":{"start":{"line":38,"column":19},"end":{"line":38,"column":53}},"3":{"start":{"line":39,"column":31},"end":{"line":39,"column":41}},"4":{"start":{"line":40,"column":21},"end":{"line":40,"column":67}},"5":{"start":{"line":40,"column":53},"end":{"line":40,"column":66}},"6":{"start":{"line":42,"column":4},"end":{"line":42,"column":62}},"7":{"start":{"line":43,"column":4},"end":{"line":50,"column":7}},"8":{"start":{"line":44,"column":6},"end":{"line":49,"column":7}},"9":{"start":{"line":45,"column":8},"end":{"line":45,"column":49}},"10":{"start":{"line":46,"column":8},"end":{"line":48,"column":11}},"11":{"start":{"line":57,"column":4},"end":{"line":61,"column":5}},"12":{"start":{"line":58,"column":6},"end":{"line":58,"column":49}},"13":{"start":{"line":60,"column":6},"end":{"line":60,"column":17}},"14":{"start":{"line":67,"column":24},"end":{"line":69,"column":3}},"15":{"start":{"line":68,"column":4},"end":{"line":68,"column":35}},"16":{"start":{"line":75,"column":20},"end":{"line":102,"column":3}},"17":{"start":{"line":76,"column":25},"end":{"line":76,"column":59}},"18":{"start":{"line":77,"column":48},"end":{"line":77,"column":58}},"19":{"start":{"line":79,"column":32},"end":{"line":79,"column":42}},"20":{"start":{"line":80,"column":32},"end":{"line":80,"column":34}},"21":{"start":{"line":82,"column":4},"end":{"line":95,"column":5}},"22":{"start":{"line":83,"column":22},"end":{"line":83,"column":41}},"23":{"start":{"line":84,"column":23},"end":{"line":84,"column":25}},"24":{"start":{"line":85,"column":6},"end":{"line":89,"column":9}},"25":{"start":{"line":86,"column":8},"end":{"line":88,"column":9}},"26":{"start":{"line":87,"column":10},"end":{"line":87,"column":29}},"27":{"start":{"line":90,"column":6},"end":{"line":90,"column":59}},"28":{"start":{"line":90,"column":27},"end":{"line":90,"column":59}},"29":{"start":{"line":92,"column":6},"end":{"line":92,"column":40}},"30":{"start":{"line":94,"column":6},"end":{"line":94,"column":61}},"31":{"start":{"line":97,"column":4},"end":{"line":97,"column":43}},"32":{"start":{"line":98,"column":4},"end":{"line":98,"column":68}},"33":{"start":{"line":99,"column":4},"end":{"line":101,"column":6}},"34":{"start":{"line":104,"column":43},"end":{"line":104,"column":53}},"35":{"start":{"line":105,"column":26},"end":{"line":105,"column":36}},"36":{"start":{"line":107,"column":4},"end":{"line":256,"column":6}},"37":{"start":{"line":133,"column":37},"end":{"line":133,"column":53}},"38":{"start":{"line":135,"column":14},"end":{"line":151,"column":16}},"39":{"start":{"line":225,"column":29},"end":{"line":225,"column":55}},"40":{"start":{"line":241,"column":29},"end":{"line":241,"column":51}}},"fnMap":{"0":{"name":"(anonymous_0)","decl":{"start":{"line":24,"column":2},"end":{"line":24,"column":3}},"loc":{"start":{"line":24,"column":21},"end":{"line":31,"column":3}},"line":24},"1":{"name":"(anonymous_1)","decl":{"start":{"line":37,"column":2},"end":{"line":37,"column":3}},"loc":{"start":{"line":37,"column":22},"end":{"line":51,"column":3}},"line":37},"2":{"name":"(anonymous_2)","decl":{"start":{"line":40,"column":43},"end":{"line":40,"column":44}},"loc":{"start":{"line":40,"column":53},"end":{"line":40,"column":66}},"line":40},"3":{"name":"(anonymous_3)","decl":{"start":{"line":43,"column":41},"end":{"line":43,"column":42}},"loc":{"start":{"line":43,"column":63},"end":{"line":50,"column":5}},"line":43},"4":{"name":"(anonymous_4)","decl":{"start":{"line":56,"column":2},"end":{"line":56,"column":3}},"loc":{"start":{"line":56,"column":22},"end":{"line":62,"column":3}},"line":56},"5":{"name":"(anonymous_5)","decl":{"start":{"line":67,"column":24},"end":{"line":67,"column":25}},"loc":{"start":{"line":67,"column":30},"end":{"line":69,"column":3}},"line":67},"6":{"name":"(anonymous_6)","decl":{"start":{"line":75,"column":20},"end":{"line":75,"column":21}},"loc":{"start":{"line":75,"column":26},"end":{"line":102,"column":3}},"line":75},"7":{"name":"(anonymous_7)","decl":{"start":{"line":85,"column":20},"end":{"line":85,"column":21}},"loc":{"start":{"line":85,"column":36},"end":{"line":89,"column":7}},"line":85},"8":{"name":"(anonymous_8)","decl":{"start":{"line":103,"column":2},"end":{"line":103,"column":3}},"loc":{"start":{"line":103,"column":11},"end":{"line":257,"column":3}},"line":103},"9":{"name":"(anonymous_9)","decl":{"start":{"line":133,"column":26},"end":{"line":133,"column":27}},"loc":{"start":{"line":133,"column":37},"end":{"line":133,"column":53}},"line":133},"10":{"name":"(anonymous_10)","decl":{"start":{"line":134,"column":24},"end":{"line":134,"column":25}},"loc":{"start":{"line":134,"column":45},"end":{"line":152,"column":13}},"line":134},"11":{"name":"(anonymous_11)","decl":{"start":{"line":225,"column":23},"end":{"line":225,"column":24}},"loc":{"start":{"line":225,"column":29},"end":{"line":225,"column":55}},"line":225},"12":{"name":"(anonymous_12)","decl":{"start":{"line":241,"column":23},"end":{"line":241,"column":24}},"loc":{"start":{"line":241,"column":29},"end":{"line":241,"column":51}},"line":241}},"branchMap":{"0":{"loc":{"start":{"line":44,"column":6},"end":{"line":49,"column":7}},"type":"if","locations":[{"start":{"line":44,"column":6},"end":{"line":49,"column":7}},{"start":{},"end":{}}],"line":44},"1":{"loc":{"start":{"line":57,"column":4},"end":{"line":61,"column":5}},"type":"if","locations":[{"start":{"line":57,"column":4},"end":{"line":61,"column":5}},{"start":{"line":59,"column":11},"end":{"line":61,"column":5}}],"line":57},"2":{"loc":{"start":{"line":82,"column":4},"end":{"line":95,"column":5}},"type":"if","locations":[{"start":{"line":82,"column":4},"end":{"line":95,"column":5}},{"start":{"line":93,"column":11},"end":{"line":95,"column":5}}],"line":82},"3":{"loc":{"start":{"line":86,"column":8},"end":{"line":88,"column":9}},"type":"if","locations":[{"start":{"line":86,"column":8},"end":{"line":88,"column":9}},{"start":{},"end":{}}],"line":86},"4":{"loc":{"start":{"line":90,"column":6},"end":{"line":90,"column":59}},"type":"if","locations":[{"start":{"line":90,"column":6},"end":{"line":90,"column":59}},{"start":{},"end":{}}],"line":90},"5":{"loc":{"start":{"line":100,"column":6},"end":{"line":100,"column":71}},"type":"cond-expr","locations":[{"start":{"line":100,"column":24},"end":{"line":100,"column":48}},{"start":{"line":100,"column":51},"end":{"line":100,"column":71}}],"line":100},"6":{"loc":{"start":{"line":139,"column":34},"end":{"line":139,"column":54}},"type":"cond-expr","locations":[{"start":{"line":139,"column":47},"end":{"line":139,"column":49}},{"start":{"line":139,"column":52},"end":{"line":139,"column":54}}],"line":139},"7":{"loc":{"start":{"line":141,"column":24},"end":{"line":141,"column":70}},"type":"cond-expr","locations":[{"start":{"line":141,"column":63},"end":{"line":141,"column":65}},{"start":{"line":141,"column":68},"end":{"line":141,"column":70}}],"line":141},"8":{"loc":{"start":{"line":145,"column":19},"end":{"line":149,"column":19}},"type":"binary-expr","locations":[{"start":{"line":145,"column":19},"end":{"line":145,"column":30}},{"start":{"line":146,"column":20},"end":{"line":148,"column":27}}],"line":145},"9":{"loc":{"start":{"line":246,"column":18},"end":{"line":248,"column":43}},"type":"cond-expr","locations":[{"start":{"line":247,"column":22},"end":{"line":247,"column":48}},{"start":{"line":248,"column":22},"end":{"line":248,"column":43}}],"line":246},"10":{"loc":{"start":{"line":254,"column":9},"end":{"line":254,"column":33}},"type":"binary-expr","locations":[{"start":{"line":254,"column":9},"end":{"line":254,"column":18}},{"start":{"line":254,"column":22},"end":{"line":254,"column":33}}],"line":254}},"s":{"0":1,"1":1,"2":1,"3":0,"4":0,"5":0,"6":0,"7":0,"8":0,"9":0,"10":0,"11":0,"12":0,"13":0,"14":1,"15":0,"16":1,"17":0,"18":0,"19":0,"20":0,"21":0,"22":0,"23":0,"24":0,"25":0,"26":0,"27":0,"28":0,"29":0,"30":0,"31":0,"32":0,"33":0,"34":1,"35":1,"36":1,"37":0,"38":0,"39":0,"40":0},"f":{"0":1,"1":1,"2":0,"3":0,"4":0,"5":0,"6":0,"7":0,"8":1,"9":0,"10":0,"11":0,"12":0},"b":{"0":[0,0],"1":[0,0],"2":[0,0],"3":[0,0],"4":[0,0],"5":[0,0],"6":[0,0],"7":[0,0],"8":[0,0],"9":[0,1],"10":[1,0]},"_coverageSchema":"1a1c01bbd47fc00a2c39e90264f33305004495a9","hash":"69c0bfb00baef9b270b78cbc2debc363627311cb"}
,"/Users/ileafmacmini1/Desktop/PROJECTS/MovieApp/app/screens/MovieDetails/styles.js": {"path":"/Users/ileafmacmini1/Desktop/PROJECTS/MovieApp/app/screens/MovieDetails/styles.js","statementMap":{"0":{"start":{"line":9,"column":15},"end":{"line":163,"column":2}}},"fnMap":{},"branchMap":{},"s":{"0":1},"f":{},"b":{},"_coverageSchema":"1a1c01bbd47fc00a2c39e90264f33305004495a9","hash":"3a4b0a61250cfe5560aa4ccac6b0b551c8590eb6"}
,"/Users/ileafmacmini1/Desktop/PROJECTS/MovieApp/app/screens/WatchLists/WatchLists.js": {"path":"/Users/ileafmacmini1/Desktop/PROJECTS/MovieApp/app/screens/WatchLists/WatchLists.js","statementMap":{"0":{"start":{"line":24,"column":4},"end":{"line":24,"column":17}},"1":{"start":{"line":30,"column":24},"end":{"line":32,"column":3}},"2":{"start":{"line":31,"column":4},"end":{"line":31,"column":35}},"3":{"start":{"line":37,"column":16},"end":{"line":39,"column":3}},"4":{"start":{"line":38,"column":4},"end":{"line":38,"column":74}},"5":{"start":{"line":42,"column":4},"end":{"line":88,"column":6}},"6":{"start":{"line":54,"column":14},"end":{"line":67,"column":35}},"7":{"start":{"line":58,"column":31},"end":{"line":58,"column":53}},"8":{"start":{"line":80,"column":25},"end":{"line":80,"column":51}}},"fnMap":{"0":{"name":"(anonymous_0)","decl":{"start":{"line":23,"column":2},"end":{"line":23,"column":3}},"loc":{"start":{"line":23,"column":21},"end":{"line":25,"column":3}},"line":23},"1":{"name":"(anonymous_1)","decl":{"start":{"line":30,"column":24},"end":{"line":30,"column":25}},"loc":{"start":{"line":30,"column":30},"end":{"line":32,"column":3}},"line":30},"2":{"name":"(anonymous_2)","decl":{"start":{"line":37,"column":16},"end":{"line":37,"column":17}},"loc":{"start":{"line":37,"column":26},"end":{"line":39,"column":3}},"line":37},"3":{"name":"(anonymous_3)","decl":{"start":{"line":41,"column":2},"end":{"line":41,"column":3}},"loc":{"start":{"line":41,"column":11},"end":{"line":89,"column":3}},"line":41},"4":{"name":"(anonymous_4)","decl":{"start":{"line":53,"column":24},"end":{"line":53,"column":25}},"loc":{"start":{"line":54,"column":14},"end":{"line":67,"column":35}},"line":54},"5":{"name":"(anonymous_5)","decl":{"start":{"line":58,"column":25},"end":{"line":58,"column":26}},"loc":{"start":{"line":58,"column":31},"end":{"line":58,"column":53}},"line":58},"6":{"name":"(anonymous_6)","decl":{"start":{"line":80,"column":19},"end":{"line":80,"column":20}},"loc":{"start":{"line":80,"column":25},"end":{"line":80,"column":51}},"line":80}},"branchMap":{"0":{"loc":{"start":{"line":47,"column":9},"end":{"line":76,"column":9}},"type":"cond-expr","locations":[{"start":{"line":48,"column":10},"end":{"line":69,"column":12}},{"start":{"line":71,"column":10},"end":{"line":75,"column":17}}],"line":47},"1":{"loc":{"start":{"line":47,"column":9},"end":{"line":47,"column":70}},"type":"binary-expr","locations":[{"start":{"line":47,"column":9},"end":{"line":47,"column":34}},{"start":{"line":47,"column":38},"end":{"line":47,"column":70}}],"line":47}},"s":{"0":1,"1":1,"2":0,"3":1,"4":0,"5":1,"6":0,"7":0,"8":0},"f":{"0":1,"1":0,"2":0,"3":1,"4":0,"5":0,"6":0},"b":{"0":[0,1],"1":[1,0]},"_coverageSchema":"1a1c01bbd47fc00a2c39e90264f33305004495a9","hash":"89ee557c3cbcfb86d5811d47882c5005b4e394f1"}
,"/Users/ileafmacmini1/Desktop/PROJECTS/MovieApp/app/screens/WatchLists/styles.js": {"path":"/Users/ileafmacmini1/Desktop/PROJECTS/MovieApp/app/screens/WatchLists/styles.js","statementMap":{"0":{"start":{"line":9,"column":15},"end":{"line":89,"column":2}}},"fnMap":{},"branchMap":{},"s":{"0":1},"f":{},"b":{},"_coverageSchema":"1a1c01bbd47fc00a2c39e90264f33305004495a9","hash":"def7aecc694ec5a21faf4760d97d68232c3c356a"}
}
