TN:
SF:App.js
FN:29,(anonymous_0)
FN:55,(anonymous_1)
FNF:2
FNH:2
FNDA:4,(anonymous_0)
FNDA:1,(anonymous_1)
DA:29,1
DA:30,4
DA:31,4
DA:55,1
DA:56,1
DA:58,1
DA:62,1
DA:93,1
LF:8
LH:8
BRDA:37,0,0,0
BRDA:37,0,1,4
BRDA:46,1,0,0
BRDA:46,1,1,4
BRDA:59,2,0,0
BRDA:59,2,1,1
BRDA:64,3,0,0
BRDA:64,3,1,1
BRDA:71,4,0,0
BRDA:71,4,1,1
BRF:10
BRH:5
end_of_record
TN:
SF:app/assets/images/back.png
FNF:0
FNH:0
DA:1,2
LF:1
LH:1
BRF:0
BRH:0
end_of_record
TN:
SF:app/assets/images/star_green.png
FNF:0
FNH:0
DA:1,2
LF:1
LH:1
BRF:0
BRH:0
end_of_record
TN:
SF:app/assets/images/star_white.png
FNF:0
FNH:0
DA:1,2
LF:1
LH:1
BRF:0
BRH:0
end_of_record
TN:
SF:app/assets/images/watchlist_dark.png
FNF:0
FNH:0
DA:1,2
LF:1
LH:1
BRF:0
BRH:0
end_of_record
TN:
SF:app/assets/images/watchlist_dark_tick.png
FNF:0
FNH:0
DA:1,2
LF:1
LH:1
BRF:0
BRH:0
end_of_record
TN:
SF:app/assets/images/watchlist_green.png
FNF:0
FNH:0
DA:1,2
LF:1
LH:1
BRF:0
BRH:0
end_of_record
TN:
SF:app/assets/images/watchlist_white.png
FNF:0
FNH:0
DA:1,2
LF:1
LH:1
BRF:0
BRH:0
end_of_record
TN:
SF:app/components/MovieRow.js
FN:11,(anonymous_0)
FNF:1
FNH:0
FNDA:0,(anonymous_0)
DA:11,1
DA:14,0
DA:68,1
LF:3
LH:2
BRDA:42,0,0,0
BRDA:42,0,1,0
BRDA:42,1,0,0
BRDA:42,1,1,0
BRDA:42,2,0,0
BRDA:42,2,1,0
BRDA:44,3,0,0
BRDA:44,3,1,0
BRDA:47,4,0,0
BRDA:47,4,1,0
BRDA:49,5,0,0
BRDA:49,5,1,0
BRF:12
BRH:0
end_of_record
TN:
SF:app/components/hudView.js
FN:11,(anonymous_0)
FN:15,(anonymous_1)
FNF:2
FNH:0
FNDA:0,(anonymous_0)
FNDA:0,(anonymous_1)
DA:12,0
DA:16,0
DA:17,0
LF:3
LH:0
BRDA:30,0,0,0
BRDA:30,0,1,0
BRDA:44,1,0,0
BRDA:44,1,1,0
BRF:4
BRH:0
end_of_record
TN:
SF:app/config/constants.js
FNF:0
FNH:0
DA:7,2
LF:1
LH:1
BRDA:21,0,0,2
BRDA:21,0,1,0
BRDA:24,1,0,2
BRDA:24,1,1,0
BRDA:27,2,0,2
BRDA:27,2,1,0
BRDA:46,3,0,2
BRDA:46,3,1,0
BRF:8
BRH:4
end_of_record
TN:
SF:app/config/images.js
FNF:0
FNH:0
DA:6,2
LF:1
LH:1
BRF:0
BRH:0
end_of_record
TN:
SF:app/screens/MovieDetails/MovieDetails.js
FN:24,(anonymous_0)
FN:37,(anonymous_1)
FN:40,(anonymous_2)
FN:43,(anonymous_3)
FN:56,(anonymous_4)
FN:67,(anonymous_5)
FN:75,(anonymous_6)
FN:85,(anonymous_7)
FN:103,(anonymous_8)
FN:133,(anonymous_9)
FN:134,(anonymous_10)
FN:225,(anonymous_11)
FN:241,(anonymous_12)
FNF:13
FNH:3
FNDA:1,(anonymous_0)
FNDA:1,(anonymous_1)
FNDA:0,(anonymous_2)
FNDA:0,(anonymous_3)
FNDA:0,(anonymous_4)
FNDA:0,(anonymous_5)
FNDA:0,(anonymous_6)
FNDA:0,(anonymous_7)
FNDA:1,(anonymous_8)
FNDA:0,(anonymous_9)
FNDA:0,(anonymous_10)
FNDA:0,(anonymous_11)
FNDA:0,(anonymous_12)
DA:25,1
DA:27,1
DA:38,1
DA:39,0
DA:40,0
DA:42,0
DA:43,0
DA:44,0
DA:45,0
DA:46,0
DA:57,0
DA:58,0
DA:60,0
DA:67,1
DA:68,0
DA:75,1
DA:76,0
DA:77,0
DA:79,0
DA:80,0
DA:82,0
DA:83,0
DA:84,0
DA:85,0
DA:86,0
DA:87,0
DA:90,0
DA:92,0
DA:94,0
DA:97,0
DA:98,0
DA:99,0
DA:104,1
DA:105,1
DA:107,1
DA:133,0
DA:135,0
DA:225,0
DA:241,0
LF:39
LH:8
BRDA:44,0,0,0
BRDA:44,0,1,0
BRDA:57,1,0,0
BRDA:57,1,1,0
BRDA:82,2,0,0
BRDA:82,2,1,0
BRDA:86,3,0,0
BRDA:86,3,1,0
BRDA:90,4,0,0
BRDA:90,4,1,0
BRDA:100,5,0,0
BRDA:100,5,1,0
BRDA:139,6,0,0
BRDA:139,6,1,0
BRDA:141,7,0,0
BRDA:141,7,1,0
BRDA:145,8,0,0
BRDA:145,8,1,0
BRDA:246,9,0,0
BRDA:246,9,1,1
BRDA:254,10,0,1
BRDA:254,10,1,0
BRF:22
BRH:2
end_of_record
TN:
SF:app/screens/MovieDetails/styles.js
FNF:0
FNH:0
DA:9,1
LF:1
LH:1
BRF:0
BRH:0
end_of_record
TN:
SF:app/screens/WatchLists/WatchLists.js
FN:23,(anonymous_0)
FN:30,(anonymous_1)
FN:37,(anonymous_2)
FN:41,(anonymous_3)
FN:53,(anonymous_4)
FN:58,(anonymous_5)
FN:80,(anonymous_6)
FNF:7
FNH:2
FNDA:1,(anonymous_0)
FNDA:0,(anonymous_1)
FNDA:0,(anonymous_2)
FNDA:1,(anonymous_3)
FNDA:0,(anonymous_4)
FNDA:0,(anonymous_5)
FNDA:0,(anonymous_6)
DA:24,1
DA:30,1
DA:31,0
DA:37,1
DA:38,0
DA:42,1
DA:54,0
DA:58,0
DA:80,0
LF:9
LH:4
BRDA:47,0,0,0
BRDA:47,0,1,1
BRDA:47,1,0,1
BRDA:47,1,1,0
BRF:4
BRH:2
end_of_record
TN:
SF:app/screens/WatchLists/styles.js
FNF:0
FNH:0
DA:9,1
LF:1
LH:1
BRF:0
BRH:0
end_of_record
